2025-06-15 14:42:43 [info] : Conexão com o banco de dados estabelecida com sucesso.
2025-06-15 14:42:55 [info] : Conexão com o banco de dados estabelecida com sucesso.
2025-06-15 14:44:02 [info] : Novo cliente conectado: -96LnCxCOnpRtw3ZAAAB
2025-06-15 14:44:02 [info] : Novo cliente conectado: FE9ThVXH5Wv5Hgi9AAAD
2025-06-15 14:44:04 [info] : Conexão com o banco de dados estabelecida com sucesso.
2025-06-15 14:44:04 [info] : Rota felipe validada para o cliente -96LnCxCOnpRtw3ZAAAB.
2025-06-15 14:44:04 [info] : Cliente -96LnCxCOnpRtw3ZAAAB associado à rota felipe.
2025-06-15 14:44:04 [info] : Rota felipe validada para o cliente FE9ThVXH5Wv5Hgi9AAAD.
2025-06-15 14:44:04 [info] : Cliente FE9ThVXH5Wv5Hgi9AAAD associado à rota felipe.
2025-06-15 14:44:20 [info] : Conexão com o banco de dados estabelecida com sucesso.
2025-06-15 14:44:21 [info] : Novo cliente conectado: mUJCE2bzWH8dgNtcAAAB
2025-06-15 14:44:21 [info] : Rota felipe validada para o cliente mUJCE2bzWH8dgNtcAAAB.
2025-06-15 14:44:21 [info] : Cliente mUJCE2bzWH8dgNtcAAAB associado à rota felipe.
2025-06-15 14:44:21 [info] : Novo cliente conectado: TGbJwtnKXNf7TPKKAAAD
2025-06-15 14:44:22 [info] : Rota felipe validada para o cliente TGbJwtnKXNf7TPKKAAAD.
2025-06-15 14:44:22 [info] : Cliente TGbJwtnKXNf7TPKKAAAD associado à rota felipe.
2025-06-15 14:44:27 [info] : Novo cliente conectado: B7T5nc2TmTvCBgEjAAAB
2025-06-15 14:44:27 [info] : Novo cliente conectado: kYiDOM-F07rrwr43AAAD
2025-06-15 14:44:28 [info] : Conexão com o banco de dados estabelecida com sucesso.
2025-06-15 14:44:28 [info] : Rota felipe validada para o cliente B7T5nc2TmTvCBgEjAAAB.
2025-06-15 14:44:28 [info] : Cliente B7T5nc2TmTvCBgEjAAAB associado à rota felipe.
2025-06-15 14:44:28 [info] : Rota felipe validada para o cliente kYiDOM-F07rrwr43AAAD.
2025-06-15 14:44:28 [info] : Cliente kYiDOM-F07rrwr43AAAD associado à rota felipe.
2025-06-15 14:44:36 [info] : Novo cliente conectado: N1hkB6vX8EXhTv0pAAAB
2025-06-15 14:44:38 [info] : Novo cliente conectado: j_TmX45B8GyhjFkzAAAD
2025-06-15 14:44:39 [info] : Conexão com o banco de dados estabelecida com sucesso.
2025-06-15 14:44:39 [info] : Rota felipe validada para o cliente N1hkB6vX8EXhTv0pAAAB.
2025-06-15 14:44:39 [info] : Cliente N1hkB6vX8EXhTv0pAAAB associado à rota felipe.
2025-06-15 14:44:39 [info] : Rota felipe validada para o cliente j_TmX45B8GyhjFkzAAAD.
2025-06-15 14:44:39 [info] : Cliente j_TmX45B8GyhjFkzAAAD associado à rota felipe.
2025-06-15 14:44:56 [info] : Conexão com o banco de dados estabelecida com sucesso.
2025-06-15 14:44:57 [info] : Novo cliente conectado: uMjcccowrZ7UV0CJAAAB
2025-06-15 14:44:57 [info] : Novo cliente conectado: LTLRp3Sys-dgS0DsAAAD
2025-06-15 14:44:57 [info] : Rota felipe validada para o cliente uMjcccowrZ7UV0CJAAAB.
2025-06-15 14:44:57 [info] : Cliente uMjcccowrZ7UV0CJAAAB associado à rota felipe.
2025-06-15 14:44:57 [info] : Rota felipe validada para o cliente LTLRp3Sys-dgS0DsAAAD.
2025-06-15 14:44:57 [info] : Cliente LTLRp3Sys-dgS0DsAAAD associado à rota felipe.
2025-06-15 14:45:08 [info] : Novo cliente conectado: t1-0gZBre7jhWpRWAAAC
2025-06-15 14:45:08 [info] : Novo cliente conectado: BWEI3GTOqm1KJdemAAAD
2025-06-15 14:45:09 [info] : Conexão com o banco de dados estabelecida com sucesso.
2025-06-15 14:45:09 [info] : Rota felipe validada para o cliente t1-0gZBre7jhWpRWAAAC.
2025-06-15 14:45:09 [info] : Cliente t1-0gZBre7jhWpRWAAAC associado à rota felipe.
2025-06-15 14:45:09 [info] : Rota felipe validada para o cliente BWEI3GTOqm1KJdemAAAD.
2025-06-15 14:45:09 [info] : Cliente BWEI3GTOqm1KJdemAAAD associado à rota felipe.
2025-06-15 14:45:17 [info] : Novo cliente conectado: PvJTQrvkS2idqgoRAAAC
2025-06-15 14:45:17 [info] : Novo cliente conectado: P19kJcJcuF6sK1iGAAAD
2025-06-15 14:45:18 [info] : Conexão com o banco de dados estabelecida com sucesso.
2025-06-15 14:45:18 [info] : Rota felipe validada para o cliente P19kJcJcuF6sK1iGAAAD.
2025-06-15 14:45:18 [info] : Cliente P19kJcJcuF6sK1iGAAAD associado à rota felipe.
2025-06-15 14:45:18 [info] : Rota felipe validada para o cliente PvJTQrvkS2idqgoRAAAC.
2025-06-15 14:45:18 [info] : Cliente PvJTQrvkS2idqgoRAAAC associado à rota felipe.
2025-06-15 14:45:25 [info] : [object Object]
2025-06-15 14:45:29 [info] : [object Object]
2025-06-15 14:45:34 [info] : [object Object]
2025-06-15 14:45:42 [info] : Mensagem enviada para a rota felipe via WebSocket:{"messageId":6597}
2025-06-15 14:45:42 [info] : [object Object]
2025-06-15 14:45:44 [info] : Novo cliente conectado: xNAGrWQF0AXWmUykAAAB
2025-06-15 14:45:46 [info] : Novo cliente conectado: XCNEyCt8V_iROxiTAAAD
2025-06-15 14:45:46 [info] : [object Object]
2025-06-15 14:45:47 [info] : Conexão com o banco de dados estabelecida com sucesso.
2025-06-15 14:45:47 [info] : Rota felipe validada para o cliente xNAGrWQF0AXWmUykAAAB.
2025-06-15 14:45:47 [info] : Cliente xNAGrWQF0AXWmUykAAAB associado à rota felipe.
2025-06-15 14:45:47 [info] : Rota felipe validada para o cliente XCNEyCt8V_iROxiTAAAD.
2025-06-15 14:45:47 [info] : Cliente XCNEyCt8V_iROxiTAAAD associado à rota felipe.
2025-06-15 14:46:04 [info] : Cliente desconectado: xNAGrWQF0AXWmUykAAAB
2025-06-15 14:46:04 [info] : Cliente xNAGrWQF0AXWmUykAAAB removido da rota felipe
2025-06-15 14:46:04 [info] : Cliente desconectado: XCNEyCt8V_iROxiTAAAD
2025-06-15 14:46:04 [info] : Cliente XCNEyCt8V_iROxiTAAAD removido da rota felipe
2025-06-15 14:46:09 [info] : [object Object]
2025-06-15 14:46:10 [info] : [object Object]
2025-06-15 14:46:10 [info] : [object Object]
2025-06-15 14:46:10 [info] : [object Object]
2025-06-15 14:46:11 [info] : [object Object]
